This file contains any messages produced by compilers while
running configure, to aid debugging if configure makes a mistake.

It was created by configure, which was
generated by GNU Autoconf 2.59.  Invocation command line was

  $ /root/cs161/cs161-gdb-1.5/./gdb-6.6+cs161/sim/mips/configure --prefix=/root/cs161/tools --cache-file=./config.cache --build=x86_64-unknown-linux-gnu --host=x86_64-unknown-linux-gnu --target=mips-elf --with-stabs --prefix=/root/cs161/tools --program-transform-name=s,^,mips-elf-,;  --srcdir=/root/cs161/cs161-gdb-1.5/./gdb-6.6+cs161/sim CC=gcc CFLAGS=-g -O2 LDFLAGS= build_alias=x86_64-unknown-linux-gnu host_alias=x86_64-unknown-linux-gnu target_alias=mips-elf --cache-file=.././config.cache --srcdir=/root/cs161/cs161-gdb-1.5/./gdb-6.6+cs161/sim/mips

## --------- ##
## Platform. ##
## --------- ##

hostname = localhost.localdomain
uname -m = x86_64
uname -r = 2.6.32-431.el6.x86_64
uname -s = Linux
uname -v = #1 SMP Fri Nov 22 03:15:09 UTC 2013

/usr/bin/uname -p = unknown
/bin/uname -X     = unknown

/bin/arch              = x86_64
/usr/bin/arch -k       = unknown
/usr/convex/getsysinfo = unknown
hostinfo               = unknown
/bin/machine           = unknown
/usr/bin/oslevel       = unknown
/bin/universe          = unknown

PATH: /root/cs161/bin
PATH: /usr/lib64/qt-3.3/bin
PATH: /usr/local/sbin
PATH: /usr/sbin
PATH: /sbin
PATH: /usr/local/bin
PATH: /usr/bin
PATH: /bin
PATH: /root/bin
PATH: /root/cs161/tools/bin


## ----------- ##
## Core tests. ##
## ----------- ##

configure:1240: loading cache .././config.cache
configure:1504: checking build system type
configure:1522: result: x86_64-unknown-linux-gnu
configure:1530: checking host system type
configure:1544: result: x86_64-unknown-linux-gnu
configure:1552: checking target system type
configure:1566: result: mips-unknown-elf
configure:1601: checking for x86_64-unknown-linux-gnu-gcc
configure:1627: result: gcc
configure:1909: checking for C compiler version
configure:1912: gcc --version </dev/null >&5
gcc (GCC) 4.4.7 20120313 (Red Hat 4.4.7-17)
Copyright (C) 2010 Free Software Foundation, Inc.
This is free software; see the source for copying conditions.  There is NO
warranty; not even for MERCHANTABILITY or FITNESS FOR A PARTICULAR PURPOSE.

configure:1915: $? = 0
configure:1917: gcc -v </dev/null >&5
Using built-in specs.
Target: x86_64-redhat-linux
Configured with: ../configure --prefix=/usr --mandir=/usr/share/man --infodir=/usr/share/info --with-bugurl=http://bugzilla.redhat.com/bugzilla --enable-bootstrap --enable-shared --enable-threads=posix --enable-checking=release --with-system-zlib --enable-__cxa_atexit --disable-libunwind-exceptions --enable-gnu-unique-object --enable-languages=c,c++,objc,obj-c++,java,fortran,ada --enable-java-awt=gtk --disable-dssi --with-java-home=/usr/lib/jvm/java-1.5.0-gcj-1.5.0.0/jre --enable-libgcj-multifile --enable-java-maintainer-mode --with-ecj-jar=/usr/share/java/eclipse-ecj.jar --disable-libjava-multilib --with-ppl --with-cloog --with-tune=generic --with-arch_32=i686 --build=x86_64-redhat-linux
Thread model: posix
gcc version 4.4.7 20120313 (Red Hat 4.4.7-17) (GCC) 
configure:1920: $? = 0
configure:1922: gcc -V </dev/null >&5
gcc: '-V' option must have argument
configure:1925: $? = 1
configure:1948: checking for C compiler default output file name
configure:1951: gcc -g -O2   conftest.c  >&5
configure:1954: $? = 0
configure:2000: result: a.out
configure:2005: checking whether the C compiler works
configure:2011: ./a.out
configure:2014: $? = 0
configure:2031: result: yes
configure:2038: checking whether we are cross compiling
configure:2040: result: no
configure:2043: checking for suffix of executables
configure:2045: gcc -o conftest -g -O2   conftest.c  >&5
configure:2048: $? = 0
configure:2073: result: 
configure:2079: checking for suffix of object files
configure:2125: result: o
configure:2129: checking whether we are using the GNU C compiler
configure:2185: result: yes
configure:2191: checking whether gcc accepts -g
configure:2242: result: yes
configure:2259: checking for gcc option to accept ANSI C
configure:2366: result: none needed
configure:2384: gcc -c -g -O2  conftest.c >&5
conftest.c:2: error: expected '=', ',', ';', 'asm' or '__attribute__' before 'me'
configure:2390: $? = 1
configure: failed program was:
| #ifndef __cplusplus
|   choke me
| #endif
configure:2536: checking for a BSD-compatible install
configure:2591: result: /usr/bin/install -c
configure:2618: checking for x86_64-unknown-linux-gnu-ranlib
configure:2644: result: ranlib
configure:2710: checking whether NLS is requested
configure:2716: result: yes
configure:2724: checking for catalogs to be installed
configure:2756: result: 
configure:2779: checking how to run the C preprocessor
configure:2897: result: gcc -E
configure:2921: gcc -E  conftest.c
configure:2927: $? = 0
configure:2959: gcc -E  conftest.c
conftest.c:10:28: error: ac_nonexistent.h: No such file or directory
configure:2965: $? = 1
configure: failed program was:
| /* confdefs.h.  */
| 
| #define PACKAGE_NAME ""
| #define PACKAGE_TARNAME ""
| #define PACKAGE_VERSION ""
| #define PACKAGE_STRING ""
| #define PACKAGE_BUGREPORT ""
| #define ENABLE_NLS 1
| /* end confdefs.h.  */
| #include <ac_nonexistent.h>
configure:3009: checking for egrep
configure:3019: result: grep -E
configure:3024: checking for ANSI C header files
configure:3180: result: yes
configure:3204: checking for sys/types.h
configure:3250: result: yes
configure:3204: checking for sys/stat.h
configure:3250: result: yes
configure:3204: checking for stdlib.h
configure:3250: result: yes
configure:3204: checking for string.h
configure:3250: result: yes
configure:3204: checking for memory.h
configure:3250: result: yes
configure:3204: checking for strings.h
configure:3250: result: yes
configure:3204: checking for inttypes.h
configure:3250: result: yes
configure:3204: checking for stdint.h
configure:3250: result: yes
configure:3204: checking for unistd.h
configure:3250: result: yes
configure:3271: checking for stdlib.h
configure:3276: result: yes
configure:3271: checking for string.h
configure:3276: result: yes
configure:3271: checking for strings.h
configure:3276: result: yes
configure:3271: checking for unistd.h
configure:3276: result: yes
configure:3271: checking for time.h
configure:3276: result: yes
configure:3422: checking for sys/time.h
configure:3427: result: yes
configure:3422: checking for sys/resource.h
configure:3427: result: yes
configure:3573: checking for fcntl.h
configure:3578: result: yes
configure:3573: checking for fpu_control.h
configure:3578: result: yes
configure:3725: checking for dlfcn.h
configure:3730: result: yes
configure:3725: checking for errno.h
configure:3730: result: yes
configure:3725: checking for sys/stat.h
configure:3730: result: yes
configure:3877: checking for getrusage
configure:3965: result: yes
configure:3877: checking for time
configure:3965: result: yes
configure:3877: checking for sigaction
configure:3965: result: yes
configure:3877: checking for __setfpucw
configure:3965: result: no
configure:3978: checking for bind in -lsocket
configure:4040: result: no
configure:4052: checking for gethostbyname in -lnsl
configure:4114: result: yes
configure:4274: checking return type of signal handlers
configure:4335: result: void
configure:4475: checking whether byte ordering is bigendian
configure:4686: result: no
configure:4772: checking compiler warning flags
configure:4798: gcc -c -g -O2 -Wimplicit  conftest.c >&5
configure:4804: $? = 0
configure:4808: test -z 
			 || test ! -s conftest.err
configure:4811: $? = 0
configure:4814: test -s conftest.o
configure:4817: $? = 0
configure:4798: gcc -c -g -O2 -Wreturn-type  conftest.c >&5
configure:4804: $? = 0
configure:4808: test -z 
			 || test ! -s conftest.err
configure:4811: $? = 0
configure:4814: test -s conftest.o
configure:4817: $? = 0
configure:4798: gcc -c -g -O2 -Wcomment  conftest.c >&5
configure:4804: $? = 0
configure:4808: test -z 
			 || test ! -s conftest.err
configure:4811: $? = 0
configure:4814: test -s conftest.o
configure:4817: $? = 0
configure:4798: gcc -c -g -O2 -Wtrigraphs  conftest.c >&5
configure:4804: $? = 0
configure:4808: test -z 
			 || test ! -s conftest.err
configure:4811: $? = 0
configure:4814: test -s conftest.o
configure:4817: $? = 0
configure:4798: gcc -c -g -O2 -Wformat  conftest.c >&5
configure:4804: $? = 0
configure:4808: test -z 
			 || test ! -s conftest.err
configure:4811: $? = 0
configure:4814: test -s conftest.o
configure:4817: $? = 0
configure:4798: gcc -c -g -O2 -Wparentheses  conftest.c >&5
configure:4804: $? = 0
configure:4808: test -z 
			 || test ! -s conftest.err
configure:4811: $? = 0
configure:4814: test -s conftest.o
configure:4817: $? = 0
configure:4798: gcc -c -g -O2 -Wpointer-arith  conftest.c >&5
configure:4804: $? = 0
configure:4808: test -z 
			 || test ! -s conftest.err
configure:4811: $? = 0
configure:4814: test -s conftest.o
configure:4817: $? = 0
configure:4798: gcc -c -g -O2 -Wuninitialized  conftest.c >&5
configure:4804: $? = 0
configure:4808: test -z 
			 || test ! -s conftest.err
configure:4811: $? = 0
configure:4814: test -s conftest.o
configure:4817: $? = 0
configure:4829: result:  -Wimplicit -Wreturn-type -Wcomment -Wtrigraphs -Wformat -Wparentheses -Wpointer-arith -Wuninitialized
configure:5478: checking for X
configure:5698: result: no
configure:5723: checking for string.h
configure:5728: result: yes
configure:5723: checking for strings.h
configure:5728: result: yes
configure:5723: checking for stdlib.h
configure:5728: result: yes
configure:5723: checking for stdlib.h
configure:5728: result: yes
configure:5869: checking for fabs in -lm
configure:5931: result: yes
configure:5948: checking for aint
configure:6036: result: no
configure:5948: checking for anint
configure:6036: result: no
configure:5948: checking for sqrt
configure:6036: result: yes
configure:6167: creating ./config.status

## ---------------------- ##
## Running config.status. ##
## ---------------------- ##

This file was extended by config.status, which was
generated by GNU Autoconf 2.59.  Invocation command line was

  CONFIG_FILES    = 
  CONFIG_HEADERS  = 
  CONFIG_LINKS    = 
  CONFIG_COMMANDS = 
  $ ./config.status 

on localhost.localdomain

config.status:733: creating Makefile.sim
config.status:733: creating Make-common.sim
config.status:733: creating .gdbinit
config.status:830: creating config.h
config.status:987: config.h is unchanged
config.status:1044: linking /root/cs161/cs161-gdb-1.5/./gdb-6.6+cs161/sim/mips/tconfig.in to tconfig.h
config.status:1044: linking /root/cs161/cs161-gdb-1.5/./gdb-6.6+cs161/sim/mips/../common/nltvals.def to targ-vals.def
config.status:1281: executing Makefile commands
config.status:1281: executing stamp-h commands

## ---------------- ##
## Cache variables. ##
## ---------------- ##

ac_cv_build=x86_64-unknown-linux-gnu
ac_cv_build_alias=x86_64-unknown-linux-gnu
ac_cv_c_bigendian=no
ac_cv_c_compiler_gnu=yes
ac_cv_env_CC_set=set
ac_cv_env_CC_value=gcc
ac_cv_env_CFLAGS_set=set
ac_cv_env_CFLAGS_value='-g -O2'
ac_cv_env_CPPFLAGS_set=
ac_cv_env_CPPFLAGS_value=
ac_cv_env_CPP_set=
ac_cv_env_CPP_value=
ac_cv_env_LDFLAGS_set=set
ac_cv_env_LDFLAGS_value=
ac_cv_env_build_alias_set=set
ac_cv_env_build_alias_value=x86_64-unknown-linux-gnu
ac_cv_env_host_alias_set=set
ac_cv_env_host_alias_value=x86_64-unknown-linux-gnu
ac_cv_env_target_alias_set=set
ac_cv_env_target_alias_value=mips-elf
ac_cv_exeext=
ac_cv_func___setfpucw=no
ac_cv_func_aint=no
ac_cv_func_anint=no
ac_cv_func_ftruncate=yes
ac_cv_func_getrusage=yes
ac_cv_func_lstat=yes
ac_cv_func_mmap=yes
ac_cv_func_munmap=yes
ac_cv_func_sigaction=yes
ac_cv_func_sqrt=yes
ac_cv_func_time=yes
ac_cv_func_truncate=yes
ac_cv_have_x=have_x=no
ac_cv_header_dirent_dirent_h=yes
ac_cv_header_dlfcn_h=yes
ac_cv_header_errno_h=yes
ac_cv_header_fcntl_h=yes
ac_cv_header_fpu_control_h=yes
ac_cv_header_inttypes_h=yes
ac_cv_header_memory_h=yes
ac_cv_header_stdc=yes
ac_cv_header_stdint_h=yes
ac_cv_header_stdlib_h=yes
ac_cv_header_string_h=yes
ac_cv_header_strings_h=yes
ac_cv_header_sys_mman_h=yes
ac_cv_header_sys_resource_h=yes
ac_cv_header_sys_stat_h=yes
ac_cv_header_sys_time_h=yes
ac_cv_header_sys_times_h=yes
ac_cv_header_sys_types_h=yes
ac_cv_header_time_h=yes
ac_cv_header_unistd_h=yes
ac_cv_host=x86_64-unknown-linux-gnu
ac_cv_host_alias=x86_64-unknown-linux-gnu
ac_cv_lib_m_fabs=yes
ac_cv_lib_nsl_gethostbyname=yes
ac_cv_lib_socket_bind=no
ac_cv_objext=o
ac_cv_prog_AR=ar
ac_cv_prog_CC=gcc
ac_cv_prog_CPP='gcc -E'
ac_cv_prog_RANLIB=ranlib
ac_cv_prog_cc_g=yes
ac_cv_prog_cc_stdc=
ac_cv_prog_egrep='grep -E'
ac_cv_search_opendir='none required'
ac_cv_target=mips-unknown-elf
ac_cv_target_alias=mips-elf
ac_cv_type_signal=void

## ----------------- ##
## Output variables. ##
## ----------------- ##

AR='ar'
CATALOGS=''
CATOBJEXT='.gmo'
CC='gcc'
CC_FOR_BUILD='$(CC)'
CFLAGS='-g -O2'
CPP='gcc -E'
CPPFLAGS=''
DATADIRNAME='share'
DEFS='-DHAVE_CONFIG_H'
ECHO_C=''
ECHO_N='-n'
ECHO_T=''
EGREP='grep -E'
EXEEXT=''
GENCAT='gencat'
GMSGFMT='/usr/bin/msgfmt'
HDEFINES=''
INCINTL=''
INSTALL_DATA='/usr/bin/install -c -m 644'
INSTALL_PROGRAM='/usr/bin/install -c'
INSTALL_SCRIPT='/usr/bin/install -c'
INSTOBJEXT='.mo'
LDFLAGS=''
LIBINTL=''
LIBINTL_DEP=''
LIBOBJS=''
LIBS='-lm -lnsl '
LTLIBOBJS=''
MAINT='#'
OBJEXT='o'
PACKAGE_BUGREPORT=''
PACKAGE_NAME=''
PACKAGE_STRING=''
PACKAGE_TARNAME=''
PACKAGE_VERSION=''
PATH_SEPARATOR=':'
POSUB='po'
RANLIB='ranlib'
SHELL='/bin/sh'
SIM_SUBTARGET=' -DMIPS_MACH_DEFAULT=bfd_mach_mips8000'
USE_NLS='yes'
WARN_CFLAGS=' -Wimplicit -Wreturn-type -Wcomment -Wtrigraphs -Wformat -Wparentheses -Wpointer-arith -Wuninitialized'
WERROR_CFLAGS=''
XGETTEXT='/usr/bin/xgettext'
ac_ct_CC=''
ac_ct_RANLIB=''
bindir='${exec_prefix}/bin'
build='x86_64-unknown-linux-gnu'
build_alias='x86_64-unknown-linux-gnu'
build_cpu='x86_64'
build_os='linux-gnu'
build_vendor='unknown'
cgen_breaks=''
datadir='${prefix}/share'
exec_prefix='${prefix}'
host='x86_64-unknown-linux-gnu'
host_alias='x86_64-unknown-linux-gnu'
host_cpu='x86_64'
host_os='linux-gnu'
host_vendor='unknown'
includedir='${prefix}/include'
infodir='${prefix}/info'
libdir='${exec_prefix}/lib'
libexecdir='${exec_prefix}/libexec'
localstatedir='${prefix}/var'
mandir='${prefix}/man'
mips_extra_libs=''
mips_extra_objs=''
mips_igen_engine='engine.o'
oldincludedir='/usr/include'
prefix='/root/cs161/tools'
program_transform_name='s,^,mips-elf-,;'
sbindir='${exec_prefix}/sbin'
sharedstatedir='${prefix}/com'
sim_alignment='-DWITH_ALIGNMENT=NONSTRICT_ALIGNMENT'
sim_assert=''
sim_bitsize=' -DWITH_TARGET_WORD_BITSIZE=32 -DWITH_TARGET_WORD_MSB=31'
sim_bswap=''
sim_cflags=''
sim_debug=''
sim_default_model=''
sim_endian='-DWITH_DEFAULT_TARGET_BYTE_ORDER=BIG_ENDIAN'
sim_environment=''
sim_float='-DWITH_FLOATING_POINT=HARD_FLOATING_POINT -DWITH_TARGET_FLOATING_POINT_BITSIZE=32'
sim_gen='IGEN'
sim_hostendian='-DWITH_HOST_BYTE_ORDER=LITTLE_ENDIAN'
sim_hw=''
sim_hw_cflags='-DWITH_HW=0'
sim_hw_objs=''
sim_igen_flags='-F 32,f -M mipsIV -N 0'
sim_inline=''
sim_m16_flags=' -F 16  -M mips16,mipsIII  -N 0'
sim_multi_flags=''
sim_multi_igen_configs=''
sim_multi_obj=''
sim_multi_src='doesnt-exist.c'
sim_packages=''
sim_profile='-DPROFILE=1 -DWITH_PROFILE=-1'
sim_regparm=''
sim_reserved_bits='-DWITH_RESERVED_BITS=1'
sim_scache=''
sim_smp='-DWITH_SMP=0'
sim_stdcall=''
sim_stdio=''
sim_trace=''
sim_xor_endian=''
sysconfdir='${prefix}/etc'
target='mips-unknown-elf'
target_alias='mips-elf'
target_cpu='mips'
target_os='elf'
target_vendor='unknown'

## ----------- ##
## confdefs.h. ##
## ----------- ##

#define ENABLE_NLS 1
#define HAVE_DLFCN_H 1
#define HAVE_ERRNO_H 1
#define HAVE_FCNTL_H 1
#define HAVE_FPU_CONTROL_H 1
#define HAVE_GETRUSAGE 1
#define HAVE_INTTYPES_H 1
#define HAVE_LIBM 1
#define HAVE_LIBNSL 1
#define HAVE_MEMORY_H 1
#define HAVE_SIGACTION 1
#define HAVE_SQRT 1
#define HAVE_STDINT_H 1
#define HAVE_STDLIB_H 1
#define HAVE_STDLIB_H 1
#define HAVE_STDLIB_H 1
#define HAVE_STDLIB_H 1
#define HAVE_STRINGS_H 1
#define HAVE_STRINGS_H 1
#define HAVE_STRINGS_H 1
#define HAVE_STRING_H 1
#define HAVE_STRING_H 1
#define HAVE_STRING_H 1
#define HAVE_SYS_RESOURCE_H 1
#define HAVE_SYS_STAT_H 1
#define HAVE_SYS_STAT_H 1
#define HAVE_SYS_TIME_H 1
#define HAVE_SYS_TYPES_H 1
#define HAVE_TIME 1
#define HAVE_TIME_H 1
#define HAVE_UNISTD_H 1
#define HAVE_UNISTD_H 1
#define PACKAGE_BUGREPORT ""
#define PACKAGE_NAME ""
#define PACKAGE_STRING ""
#define PACKAGE_TARNAME ""
#define PACKAGE_VERSION ""
#define RETSIGTYPE void
#define STDC_HEADERS 1

configure: exit 0
